2023/02/16 16:41:25 INFO     Created instance of SeismicWaveformModeller
2023/02/16 16:41:25 INPUT    set mesh
2023/02/16 16:41:25 WARNING  No mesh file found
2023/02/16 16:41:25 INPUT    set config
2023/02/16 16:41:25 INFO     Configuration loaded
2023/02/16 16:41:48 INFO     Created instance of SeismicWaveformModeller
2023/02/16 16:41:48 INPUT    set mesh
2023/02/16 16:41:49 INFO     Mesh loaded
2023/02/16 16:41:49 INPUT    set config
2023/02/16 16:41:49 INFO     Configuration loaded
2023/02/16 16:42:06 INPUT    create waveforms
2023/02/16 16:42:06 INFO     Velocity model created
2023/02/16 16:42:06 INFO     Measurement scheme loaded
2023/02/16 16:42:06 INFO     Wavelet created
2023/02/16 16:42:47 INPUT    create traveltimes
2023/02/16 17:12:00 INFO     Created instance of SeismicWaveformModeller
2023/02/16 17:12:00 INPUT    set mesh
2023/02/16 17:12:00 INFO     Mesh loaded
2023/02/16 17:12:00 INPUT    set config
2023/02/16 17:12:00 INFO     Configuration loaded
2023/02/16 17:12:00 INPUT    create traveltimes
2023/02/16 17:12:00 INFO     Velocity model created
2023/02/16 17:12:00 INFO     Measurement scheme loaded
2023/02/16 17:21:28 INFO     Created instance of SeismicWaveformModeller
2023/02/16 17:21:28 INPUT    set mesh
2023/02/16 17:21:28 INFO     Mesh loaded
2023/02/16 17:21:28 INPUT    set config
2023/02/16 17:21:28 INFO     Configuration loaded
2023/02/16 17:21:28 INPUT    create traveltimes
2023/02/16 17:21:28 INFO     Velocity model created
2023/02/16 17:21:28 INFO     Measurement scheme loaded
2023/02/16 17:23:13 INFO     Created instance of SeismicWaveformModeller
2023/02/16 17:23:13 INPUT    set mesh
2023/02/16 17:23:14 INFO     Mesh loaded
2023/02/16 17:23:14 INPUT    set config
2023/02/16 17:23:14 INFO     Configuration loaded
2023/02/16 17:23:14 INPUT    create traveltimes
2023/02/16 17:23:14 INFO     Velocity model created
2023/02/16 17:23:14 INFO     Measurement scheme loaded
2023/02/16 17:24:14 INFO     Created instance of SeismicWaveformModeller
2023/02/16 17:24:14 INPUT    set mesh
2023/02/16 17:24:15 INFO     Mesh loaded
2023/02/16 17:24:15 INPUT    set config
2023/02/16 17:24:15 INFO     Configuration loaded
2023/02/16 17:24:15 INPUT    create traveltimes
2023/02/16 17:24:15 INFO     Velocity model created
2023/02/16 17:24:15 INFO     Measurement scheme loaded
2023/02/16 17:25:40 INFO     Created instance of SeismicWaveformModeller
2023/02/16 17:25:40 INPUT    set mesh
2023/02/16 17:25:41 INFO     Mesh loaded
2023/02/16 17:25:41 INPUT    set config
2023/02/16 17:25:41 INFO     Configuration loaded
2023/02/16 17:25:41 INPUT    create traveltimes
2023/02/16 17:25:41 INFO     Velocity model created
2023/02/16 17:25:41 INFO     Measurement scheme loaded
2023/02/16 17:27:44 INFO     Created instance of SeismicWaveformModeller
2023/02/16 17:27:44 INPUT    set mesh
2023/02/16 17:27:44 INFO     Mesh loaded
2023/02/16 17:27:44 INPUT    set config
2023/02/16 17:27:44 INFO     Configuration loaded
2023/02/16 17:27:44 INPUT    create traveltimes
2023/02/16 17:27:44 INFO     Velocity model created
2023/02/16 17:27:44 INFO     Measurement scheme loaded
2023/02/21 14:57:38 INFO     Created instance of SeismicWaveformModeller
2023/02/21 14:57:38 INPUT    set mesh
2023/02/21 14:57:38 INFO     Mesh loaded
2023/02/21 14:57:38 INPUT    set config
2023/02/21 14:57:38 INFO     Configuration loaded
2023/02/21 14:57:38 INPUT    create waveforms
2023/02/21 14:57:38 INFO     Velocity model created
2023/02/21 14:57:38 INFO     Measurement scheme loaded
2023/02/21 14:57:38 INFO     Wavelet created
2023/02/21 15:47:56 INFO     Dataset syn_data created
2023/02/28 10:20:26 INFO     Created instance of SeismicWaveformModeller
2023/02/28 10:20:26 INPUT    set mesh
2023/02/28 10:20:26 INFO     Mesh loaded
2023/02/28 10:20:26 INPUT    set config
2023/02/28 10:20:26 INFO     Configuration loaded
2023/02/28 10:20:26 INPUT    create traveltimes
2023/02/28 10:20:26 INFO     Velocity model created
2023/02/28 10:20:26 INFO     Measurement scheme loaded
2023/03/03 17:03:34 INFO     Created instance of SeismicWaveformModeller
2023/03/03 17:03:34 INPUT    set mesh
2023/03/03 17:03:35 INFO     Mesh loaded
2023/03/03 17:03:35 INPUT    set config
2023/03/03 17:03:35 INFO     Configuration loaded
2023/03/03 17:03:35 INPUT    create waveforms
2023/03/03 17:03:35 INFO     Velocity model created
2023/03/03 17:03:35 INFO     Measurement scheme loaded
2023/03/03 17:03:35 INFO     Wavelet created
2023/03/03 17:05:50 INFO     Created instance of SeismicWaveformModeller
2023/03/03 17:05:50 INPUT    set mesh
2023/03/03 17:05:51 INFO     Mesh loaded
2023/03/03 17:05:51 INPUT    set config
2023/03/03 17:05:51 INFO     Configuration loaded
2023/03/03 17:05:51 INPUT    create waveforms
2023/03/03 17:05:51 INFO     Velocity model created
2023/03/03 17:05:51 INFO     Measurement scheme loaded
2023/03/03 17:05:51 INFO     Wavelet created
2023/03/03 17:08:34 INFO     Created instance of SeismicWaveformModeller
2023/03/03 17:08:34 INPUT    set mesh
2023/03/03 17:08:34 INFO     Mesh loaded
2023/03/03 17:08:34 INPUT    set config
2023/03/03 17:08:34 INFO     Configuration loaded
2023/03/03 17:08:34 INPUT    create waveforms
2023/03/03 17:08:34 INFO     Velocity model created
2023/03/03 17:08:34 INFO     Measurement scheme loaded
2023/03/03 17:08:34 INFO     Wavelet created
2023/03/03 17:10:32 INFO     Created instance of SeismicWaveformModeller
2023/03/03 17:10:32 INPUT    set mesh
2023/03/03 17:10:33 INFO     Mesh loaded
2023/03/03 17:10:33 INPUT    set config
2023/03/03 17:10:33 INFO     Configuration loaded
2023/03/03 17:10:33 INPUT    create waveforms
2023/03/03 17:10:33 INFO     Velocity model created
2023/03/03 17:10:33 INFO     Measurement scheme loaded
2023/03/03 17:10:33 INFO     Wavelet created
2023/03/03 17:35:10 INFO     Dataset syn_data created
2023/03/03 17:35:10 INPUT    create traveltimes
2023/03/03 17:39:45 INFO     Created instance of SeismicWaveformModeller
2023/03/03 17:39:45 INPUT    set mesh
2023/03/03 17:39:46 INFO     Mesh loaded
2023/03/03 17:39:46 INPUT    set config
2023/03/03 17:39:46 INFO     Configuration loaded
2023/03/03 17:39:46 INPUT    create traveltimes
2023/03/03 17:39:46 INFO     Velocity model created
2023/03/03 17:39:46 INFO     Measurement scheme loaded
2023/03/03 17:40:45 INFO     Created instance of SeismicWaveformModeller
2023/03/03 17:40:45 INPUT    set mesh
2023/03/03 17:40:45 INFO     Mesh loaded
2023/03/03 17:40:45 INPUT    set config
2023/03/03 17:40:45 INFO     Configuration loaded
2023/03/03 17:40:45 INPUT    create traveltimes
2023/03/03 17:40:45 INFO     Velocity model created
2023/03/03 17:40:45 INFO     Measurement scheme loaded
2023/03/03 17:41:21 INFO     Created instance of SeismicWaveformModeller
2023/03/03 17:41:21 INPUT    set mesh
2023/03/03 17:41:22 INFO     Mesh loaded
2023/03/03 17:41:22 INPUT    set config
2023/03/03 17:41:22 INFO     Configuration loaded
2023/03/03 17:41:22 INPUT    create traveltimes
2023/03/03 17:41:22 INFO     Velocity model created
2023/03/03 17:41:22 INFO     Measurement scheme loaded
2023/03/03 18:05:06 INFO     Created instance of SeismicWaveformModeller
2023/03/03 18:05:06 INPUT    set mesh
2023/03/03 18:05:06 INFO     Mesh loaded
2023/03/03 18:05:06 INPUT    set config
2023/03/03 18:05:06 INFO     Configuration loaded
2023/03/03 18:05:06 INPUT    create traveltimes
2023/03/03 18:05:06 INFO     Velocity model created
2023/03/03 18:05:07 INFO     Measurement scheme loaded
2023/03/03 18:10:10 INFO     Created instance of SeismicWaveformModeller
2023/03/03 18:10:10 INPUT    set mesh
2023/03/03 18:10:10 INFO     Mesh loaded
2023/03/03 18:10:10 INPUT    set config
2023/03/03 18:10:10 INFO     Configuration loaded
2023/03/03 18:10:10 INPUT    create traveltimes
2023/03/03 18:10:10 INFO     Velocity model created
2023/03/03 18:10:10 INFO     Measurement scheme loaded
2023/03/03 18:10:36 INFO     Created instance of SeismicWaveformModeller
2023/03/03 18:10:36 INPUT    set mesh
2023/03/03 18:10:37 INFO     Mesh loaded
2023/03/03 18:10:37 INPUT    set config
2023/03/03 18:10:37 INFO     Configuration loaded
2023/03/03 18:10:37 INPUT    create traveltimes
2023/03/03 18:10:37 INFO     Velocity model created
2023/03/03 18:10:37 INFO     Measurement scheme loaded
2023/03/03 18:10:51 INFO     Created instance of SeismicWaveformModeller
2023/03/03 18:10:51 INPUT    set mesh
2023/03/03 18:10:51 INFO     Mesh loaded
2023/03/03 18:10:51 INPUT    set config
2023/03/03 18:10:51 INFO     Configuration loaded
2023/03/03 18:10:51 INPUT    create traveltimes
2023/03/03 18:10:51 INFO     Velocity model created
2023/03/03 18:10:51 INFO     Measurement scheme loaded
